{"level":"ERROR","location":"[On_message:1446] data_ws","message":"st.session_state has no attribute \"shared_data\". Did you forget to initialize it? More info: https://docs.streamlit.io/develop/concepts/architecture/session-state#initialization","timestamp":"2026-01-01 22:41:43,647+0530","service":"FyersDataSocket","exception":"Traceback (most recent call last):\n  File \"C:\\Users\\ANIL\\miniconda3\\Lib\\site-packages\\streamlit\\runtime\\state\\session_state.py\", line 471, in __getitem__\n    base_value = self._getitem(widget_id, key)\n  File \"C:\\Users\\ANIL\\miniconda3\\Lib\\site-packages\\streamlit\\runtime\\state\\session_state.py\", line 524, in _getitem\n    raise KeyError\nKeyError\n\nDuring handling of the above exception, another exception occurred:\n\nTraceback (most recent call last):\n  File \"C:\\Users\\ANIL\\miniconda3\\Lib\\site-packages\\streamlit\\runtime\\state\\session_state_proxy.py\", line 130, in __getattr__\n    return self[key]\n           ~~~~^^^^^\n  File \"C:\\Users\\ANIL\\miniconda3\\Lib\\site-packages\\streamlit\\runtime\\state\\session_state_proxy.py\", line 101, in __getitem__\n    return get_session_state()[key]\n           ~~~~~~~~~~~~~~~~~~~^^^^^\n  File \"C:\\Users\\ANIL\\miniconda3\\Lib\\site-packages\\streamlit\\runtime\\state\\safe_session_state.py\", line 104, in __getitem__\n    return self._state[key]\n           ~~~~~~~~~~~^^^^^\n  File \"C:\\Users\\ANIL\\miniconda3\\Lib\\site-packages\\streamlit\\runtime\\state\\session_state.py\", line 478, in __getitem__\n    raise KeyError(_missing_key_error_message(key))\nKeyError: 'st.session_state has no key \"shared_data\". Did you forget to initialize it? More info: https://docs.streamlit.io/develop/concepts/architecture/session-state#initialization'\n\nDuring handling of the above exception, another exception occurred:\n\nTraceback (most recent call last):\n  File \"C:\\Users\\ANIL\\miniconda3\\Lib\\site-packages\\fyers_apiv3\\FyersWebsocket\\data_ws.py\", line 1433, in On_message\n    self.OnMessage(message)\n    ~~~~~~~~~~~~~~^^^^^^^^^\n  File \"F:\\Trading Bot\\Directional Trading Bot\\app.py\", line 242, in on_message\n    if len(st.session_state.shared_data['prices']) % 5 == 0:\n           ^^^^^^^^^^^^^^^^^^^^^^^^^^^^\n  File \"C:\\Users\\ANIL\\miniconda3\\Lib\\site-packages\\streamlit\\runtime\\state\\session_state_proxy.py\", line 132, in __getattr__\n    raise AttributeError(_missing_attr_error_message(key))\nAttributeError: st.session_state has no attribute \"shared_data\". Did you forget to initialize it? More info: https://docs.streamlit.io/develop/concepts/architecture/session-state#initialization","exception_name":"AttributeError"}
{"level":"ERROR","location":"[On_message:1447] data_ws","message":"st.session_state has no attribute \"shared_data\". Did you forget to initialize it? More info: https://docs.streamlit.io/develop/concepts/architecture/session-state#initialization","timestamp":"2026-01-01 22:41:43,672+0530","service":"FyersDataSocket"}
{"level":"ERROR","location":"[On_message:1446] data_ws","message":"st.session_state has no attribute \"shared_data\". Did you forget to initialize it? More info: https://docs.streamlit.io/develop/concepts/architecture/session-state#initialization","timestamp":"2026-01-01 22:41:43,896+0530","service":"FyersDataSocket","exception":"Traceback (most recent call last):\n  File \"C:\\Users\\ANIL\\miniconda3\\Lib\\site-packages\\streamlit\\runtime\\state\\session_state.py\", line 471, in __getitem__\n    base_value = self._getitem(widget_id, key)\n  File \"C:\\Users\\ANIL\\miniconda3\\Lib\\site-packages\\streamlit\\runtime\\state\\session_state.py\", line 524, in _getitem\n    raise KeyError\nKeyError\n\nDuring handling of the above exception, another exception occurred:\n\nTraceback (most recent call last):\n  File \"C:\\Users\\ANIL\\miniconda3\\Lib\\site-packages\\streamlit\\runtime\\state\\session_state_proxy.py\", line 130, in __getattr__\n    return self[key]\n           ~~~~^^^^^\n  File \"C:\\Users\\ANIL\\miniconda3\\Lib\\site-packages\\streamlit\\runtime\\state\\session_state_proxy.py\", line 101, in __getitem__\n    return get_session_state()[key]\n           ~~~~~~~~~~~~~~~~~~~^^^^^\n  File \"C:\\Users\\ANIL\\miniconda3\\Lib\\site-packages\\streamlit\\runtime\\state\\safe_session_state.py\", line 104, in __getitem__\n    return self._state[key]\n           ~~~~~~~~~~~^^^^^\n  File \"C:\\Users\\ANIL\\miniconda3\\Lib\\site-packages\\streamlit\\runtime\\state\\session_state.py\", line 478, in __getitem__\n    raise KeyError(_missing_key_error_message(key))\nKeyError: 'st.session_state has no key \"shared_data\". Did you forget to initialize it? More info: https://docs.streamlit.io/develop/concepts/architecture/session-state#initialization'\n\nDuring handling of the above exception, another exception occurred:\n\nTraceback (most recent call last):\n  File \"C:\\Users\\ANIL\\miniconda3\\Lib\\site-packages\\fyers_apiv3\\FyersWebsocket\\data_ws.py\", line 1433, in On_message\n    self.OnMessage(message)\n    ~~~~~~~~~~~~~~^^^^^^^^^\n  File \"F:\\Trading Bot\\Directional Trading Bot\\app.py\", line 242, in on_message\n    if len(st.session_state.shared_data['prices']) % 5 == 0:\n           ^^^^^^^^^^^^^^^^^^^^^^^^^^^^\n  File \"C:\\Users\\ANIL\\miniconda3\\Lib\\site-packages\\streamlit\\runtime\\state\\session_state_proxy.py\", line 132, in __getattr__\n    raise AttributeError(_missing_attr_error_message(key))\nAttributeError: st.session_state has no attribute \"shared_data\". Did you forget to initialize it? More info: https://docs.streamlit.io/develop/concepts/architecture/session-state#initialization","exception_name":"AttributeError"}
{"level":"ERROR","location":"[On_message:1447] data_ws","message":"st.session_state has no attribute \"shared_data\". Did you forget to initialize it? More info: https://docs.streamlit.io/develop/concepts/architecture/session-state#initialization","timestamp":"2026-01-01 22:41:43,903+0530","service":"FyersDataSocket"}
{"level":"ERROR","location":"[On_message:1446] data_ws","message":"st.session_state has no attribute \"shared_data\". Did you forget to initialize it? More info: https://docs.streamlit.io/develop/concepts/architecture/session-state#initialization","timestamp":"2026-01-01 22:41:46,197+0530","service":"FyersDataSocket","exception":"Traceback (most recent call last):\n  File \"C:\\Users\\ANIL\\miniconda3\\Lib\\site-packages\\streamlit\\runtime\\state\\session_state.py\", line 471, in __getitem__\n    base_value = self._getitem(widget_id, key)\n  File \"C:\\Users\\ANIL\\miniconda3\\Lib\\site-packages\\streamlit\\runtime\\state\\session_state.py\", line 524, in _getitem\n    raise KeyError\nKeyError\n\nDuring handling of the above exception, another exception occurred:\n\nTraceback (most recent call last):\n  File \"C:\\Users\\ANIL\\miniconda3\\Lib\\site-packages\\streamlit\\runtime\\state\\session_state_proxy.py\", line 130, in __getattr__\n    return self[key]\n           ~~~~^^^^^\n  File \"C:\\Users\\ANIL\\miniconda3\\Lib\\site-packages\\streamlit\\runtime\\state\\session_state_proxy.py\", line 101, in __getitem__\n    return get_session_state()[key]\n           ~~~~~~~~~~~~~~~~~~~^^^^^\n  File \"C:\\Users\\ANIL\\miniconda3\\Lib\\site-packages\\streamlit\\runtime\\state\\safe_session_state.py\", line 104, in __getitem__\n    return self._state[key]\n           ~~~~~~~~~~~^^^^^\n  File \"C:\\Users\\ANIL\\miniconda3\\Lib\\site-packages\\streamlit\\runtime\\state\\session_state.py\", line 478, in __getitem__\n    raise KeyError(_missing_key_error_message(key))\nKeyError: 'st.session_state has no key \"shared_data\". Did you forget to initialize it? More info: https://docs.streamlit.io/develop/concepts/architecture/session-state#initialization'\n\nDuring handling of the above exception, another exception occurred:\n\nTraceback (most recent call last):\n  File \"C:\\Users\\ANIL\\miniconda3\\Lib\\site-packages\\fyers_apiv3\\FyersWebsocket\\data_ws.py\", line 1433, in On_message\n    self.OnMessage(message)\n    ~~~~~~~~~~~~~~^^^^^^^^^\n  File \"F:\\Trading Bot\\Directional Trading Bot\\app.py\", line 242, in on_message\n    if len(st.session_state.shared_data['prices']) % 5 == 0:\n           ^^^^^^^^^^^^^^^^^^^^^^^^^^^^\n  File \"C:\\Users\\ANIL\\miniconda3\\Lib\\site-packages\\streamlit\\runtime\\state\\session_state_proxy.py\", line 132, in __getattr__\n    raise AttributeError(_missing_attr_error_message(key))\nAttributeError: st.session_state has no attribute \"shared_data\". Did you forget to initialize it? More info: https://docs.streamlit.io/develop/concepts/architecture/session-state#initialization","exception_name":"AttributeError"}
{"level":"ERROR","location":"[On_message:1447] data_ws","message":"st.session_state has no attribute \"shared_data\". Did you forget to initialize it? More info: https://docs.streamlit.io/develop/concepts/architecture/session-state#initialization","timestamp":"2026-01-01 22:41:46,200+0530","service":"FyersDataSocket"}
{"level":"ERROR","location":"[On_message:1446] data_ws","message":"st.session_state has no attribute \"shared_data\". Did you forget to initialize it? More info: https://docs.streamlit.io/develop/concepts/architecture/session-state#initialization","timestamp":"2026-01-01 22:41:46,201+0530","service":"FyersDataSocket","exception":"Traceback (most recent call last):\n  File \"C:\\Users\\ANIL\\miniconda3\\Lib\\site-packages\\streamlit\\runtime\\state\\session_state.py\", line 471, in __getitem__\n    base_value = self._getitem(widget_id, key)\n  File \"C:\\Users\\ANIL\\miniconda3\\Lib\\site-packages\\streamlit\\runtime\\state\\session_state.py\", line 524, in _getitem\n    raise KeyError\nKeyError\n\nDuring handling of the above exception, another exception occurred:\n\nTraceback (most recent call last):\n  File \"C:\\Users\\ANIL\\miniconda3\\Lib\\site-packages\\streamlit\\runtime\\state\\session_state_proxy.py\", line 130, in __getattr__\n    return self[key]\n           ~~~~^^^^^\n  File \"C:\\Users\\ANIL\\miniconda3\\Lib\\site-packages\\streamlit\\runtime\\state\\session_state_proxy.py\", line 101, in __getitem__\n    return get_session_state()[key]\n           ~~~~~~~~~~~~~~~~~~~^^^^^\n  File \"C:\\Users\\ANIL\\miniconda3\\Lib\\site-packages\\streamlit\\runtime\\state\\safe_session_state.py\", line 104, in __getitem__\n    return self._state[key]\n           ~~~~~~~~~~~^^^^^\n  File \"C:\\Users\\ANIL\\miniconda3\\Lib\\site-packages\\streamlit\\runtime\\state\\session_state.py\", line 478, in __getitem__\n    raise KeyError(_missing_key_error_message(key))\nKeyError: 'st.session_state has no key \"shared_data\". Did you forget to initialize it? More info: https://docs.streamlit.io/develop/concepts/architecture/session-state#initialization'\n\nDuring handling of the above exception, another exception occurred:\n\nTraceback (most recent call last):\n  File \"C:\\Users\\ANIL\\miniconda3\\Lib\\site-packages\\fyers_apiv3\\FyersWebsocket\\data_ws.py\", line 1433, in On_message\n    self.OnMessage(message)\n    ~~~~~~~~~~~~~~^^^^^^^^^\n  File \"F:\\Trading Bot\\Directional Trading Bot\\app.py\", line 242, in on_message\n    if len(st.session_state.shared_data['prices']) % 5 == 0:\n           ^^^^^^^^^^^^^^^^^^^^^^^^^^^^\n  File \"C:\\Users\\ANIL\\miniconda3\\Lib\\site-packages\\streamlit\\runtime\\state\\session_state_proxy.py\", line 132, in __getattr__\n    raise AttributeError(_missing_attr_error_message(key))\nAttributeError: st.session_state has no attribute \"shared_data\". Did you forget to initialize it? More info: https://docs.streamlit.io/develop/concepts/architecture/session-state#initialization","exception_name":"AttributeError"}
{"level":"ERROR","location":"[On_message:1447] data_ws","message":"st.session_state has no attribute \"shared_data\". Did you forget to initialize it? More info: https://docs.streamlit.io/develop/concepts/architecture/session-state#initialization","timestamp":"2026-01-01 22:41:46,205+0530","service":"FyersDataSocket"}
{"level":"ERROR","location":"[On_message:1446] data_ws","message":"st.session_state has no attribute \"shared_data\". Did you forget to initialize it? More info: https://docs.streamlit.io/develop/concepts/architecture/session-state#initialization","timestamp":"2026-01-01 22:52:35,080+0530","service":"FyersDataSocket","exception":"Traceback (most recent call last):\n  File \"C:\\Users\\ANIL\\miniconda3\\Lib\\site-packages\\streamlit\\runtime\\state\\session_state.py\", line 471, in __getitem__\n    base_value = self._getitem(widget_id, key)\n  File \"C:\\Users\\ANIL\\miniconda3\\Lib\\site-packages\\streamlit\\runtime\\state\\session_state.py\", line 524, in _getitem\n    raise KeyError\nKeyError\n\nDuring handling of the above exception, another exception occurred:\n\nTraceback (most recent call last):\n  File \"C:\\Users\\ANIL\\miniconda3\\Lib\\site-packages\\streamlit\\runtime\\state\\session_state_proxy.py\", line 130, in __getattr__\n    return self[key]\n           ~~~~^^^^^\n  File \"C:\\Users\\ANIL\\miniconda3\\Lib\\site-packages\\streamlit\\runtime\\state\\session_state_proxy.py\", line 101, in __getitem__\n    return get_session_state()[key]\n           ~~~~~~~~~~~~~~~~~~~^^^^^\n  File \"C:\\Users\\ANIL\\miniconda3\\Lib\\site-packages\\streamlit\\runtime\\state\\safe_session_state.py\", line 104, in __getitem__\n    return self._state[key]\n           ~~~~~~~~~~~^^^^^\n  File \"C:\\Users\\ANIL\\miniconda3\\Lib\\site-packages\\streamlit\\runtime\\state\\session_state.py\", line 478, in __getitem__\n    raise KeyError(_missing_key_error_message(key))\nKeyError: 'st.session_state has no key \"shared_data\". Did you forget to initialize it? More info: https://docs.streamlit.io/develop/concepts/architecture/session-state#initialization'\n\nDuring handling of the above exception, another exception occurred:\n\nTraceback (most recent call last):\n  File \"C:\\Users\\ANIL\\miniconda3\\Lib\\site-packages\\fyers_apiv3\\FyersWebsocket\\data_ws.py\", line 1433, in On_message\n    self.OnMessage(message)\n    ~~~~~~~~~~~~~~^^^^^^^^^\n  File \"F:\\Trading Bot\\Directional Trading Bot\\app.py\", line 242, in on_message\n    if len(st.session_state.shared_data['prices']) % 5 == 0:\n           ^^^^^^^^^^^^^^^^^^^^^^^^^^^^\n  File \"C:\\Users\\ANIL\\miniconda3\\Lib\\site-packages\\streamlit\\runtime\\state\\session_state_proxy.py\", line 132, in __getattr__\n    raise AttributeError(_missing_attr_error_message(key))\nAttributeError: st.session_state has no attribute \"shared_data\". Did you forget to initialize it? More info: https://docs.streamlit.io/develop/concepts/architecture/session-state#initialization","exception_name":"AttributeError"}
{"level":"ERROR","location":"[On_message:1447] data_ws","message":"st.session_state has no attribute \"shared_data\". Did you forget to initialize it? More info: https://docs.streamlit.io/develop/concepts/architecture/session-state#initialization","timestamp":"2026-01-01 22:52:35,091+0530","service":"FyersDataSocket"}
{"level":"ERROR","location":"[On_message:1446] data_ws","message":"st.session_state has no attribute \"shared_data\". Did you forget to initialize it? More info: https://docs.streamlit.io/develop/concepts/architecture/session-state#initialization","timestamp":"2026-01-01 22:52:35,480+0530","service":"FyersDataSocket","exception":"Traceback (most recent call last):\n  File \"C:\\Users\\ANIL\\miniconda3\\Lib\\site-packages\\streamlit\\runtime\\state\\session_state.py\", line 471, in __getitem__\n    base_value = self._getitem(widget_id, key)\n  File \"C:\\Users\\ANIL\\miniconda3\\Lib\\site-packages\\streamlit\\runtime\\state\\session_state.py\", line 524, in _getitem\n    raise KeyError\nKeyError\n\nDuring handling of the above exception, another exception occurred:\n\nTraceback (most recent call last):\n  File \"C:\\Users\\ANIL\\miniconda3\\Lib\\site-packages\\streamlit\\runtime\\state\\session_state_proxy.py\", line 130, in __getattr__\n    return self[key]\n           ~~~~^^^^^\n  File \"C:\\Users\\ANIL\\miniconda3\\Lib\\site-packages\\streamlit\\runtime\\state\\session_state_proxy.py\", line 101, in __getitem__\n    return get_session_state()[key]\n           ~~~~~~~~~~~~~~~~~~~^^^^^\n  File \"C:\\Users\\ANIL\\miniconda3\\Lib\\site-packages\\streamlit\\runtime\\state\\safe_session_state.py\", line 104, in __getitem__\n    return self._state[key]\n           ~~~~~~~~~~~^^^^^\n  File \"C:\\Users\\ANIL\\miniconda3\\Lib\\site-packages\\streamlit\\runtime\\state\\session_state.py\", line 478, in __getitem__\n    raise KeyError(_missing_key_error_message(key))\nKeyError: 'st.session_state has no key \"shared_data\". Did you forget to initialize it? More info: https://docs.streamlit.io/develop/concepts/architecture/session-state#initialization'\n\nDuring handling of the above exception, another exception occurred:\n\nTraceback (most recent call last):\n  File \"C:\\Users\\ANIL\\miniconda3\\Lib\\site-packages\\fyers_apiv3\\FyersWebsocket\\data_ws.py\", line 1433, in On_message\n    self.OnMessage(message)\n    ~~~~~~~~~~~~~~^^^^^^^^^\n  File \"F:\\Trading Bot\\Directional Trading Bot\\app.py\", line 242, in on_message\n    if len(st.session_state.shared_data['prices']) % 5 == 0:\n           ^^^^^^^^^^^^^^^^^^^^^^^^^^^^\n  File \"C:\\Users\\ANIL\\miniconda3\\Lib\\site-packages\\streamlit\\runtime\\state\\session_state_proxy.py\", line 132, in __getattr__\n    raise AttributeError(_missing_attr_error_message(key))\nAttributeError: st.session_state has no attribute \"shared_data\". Did you forget to initialize it? More info: https://docs.streamlit.io/develop/concepts/architecture/session-state#initialization","exception_name":"AttributeError"}
{"level":"ERROR","location":"[On_message:1447] data_ws","message":"st.session_state has no attribute \"shared_data\". Did you forget to initialize it? More info: https://docs.streamlit.io/develop/concepts/architecture/session-state#initialization","timestamp":"2026-01-01 22:52:35,485+0530","service":"FyersDataSocket"}
{"level":"ERROR","location":"[On_message:1446] data_ws","message":"st.session_state has no attribute \"shared_data\". Did you forget to initialize it? More info: https://docs.streamlit.io/develop/concepts/architecture/session-state#initialization","timestamp":"2026-01-01 22:52:37,611+0530","service":"FyersDataSocket","exception":"Traceback (most recent call last):\n  File \"C:\\Users\\ANIL\\miniconda3\\Lib\\site-packages\\streamlit\\runtime\\state\\session_state.py\", line 471, in __getitem__\n    base_value = self._getitem(widget_id, key)\n  File \"C:\\Users\\ANIL\\miniconda3\\Lib\\site-packages\\streamlit\\runtime\\state\\session_state.py\", line 524, in _getitem\n    raise KeyError\nKeyError\n\nDuring handling of the above exception, another exception occurred:\n\nTraceback (most recent call last):\n  File \"C:\\Users\\ANIL\\miniconda3\\Lib\\site-packages\\streamlit\\runtime\\state\\session_state_proxy.py\", line 130, in __getattr__\n    return self[key]\n           ~~~~^^^^^\n  File \"C:\\Users\\ANIL\\miniconda3\\Lib\\site-packages\\streamlit\\runtime\\state\\session_state_proxy.py\", line 101, in __getitem__\n    return get_session_state()[key]\n           ~~~~~~~~~~~~~~~~~~~^^^^^\n  File \"C:\\Users\\ANIL\\miniconda3\\Lib\\site-packages\\streamlit\\runtime\\state\\safe_session_state.py\", line 104, in __getitem__\n    return self._state[key]\n           ~~~~~~~~~~~^^^^^\n  File \"C:\\Users\\ANIL\\miniconda3\\Lib\\site-packages\\streamlit\\runtime\\state\\session_state.py\", line 478, in __getitem__\n    raise KeyError(_missing_key_error_message(key))\nKeyError: 'st.session_state has no key \"shared_data\". Did you forget to initialize it? More info: https://docs.streamlit.io/develop/concepts/architecture/session-state#initialization'\n\nDuring handling of the above exception, another exception occurred:\n\nTraceback (most recent call last):\n  File \"C:\\Users\\ANIL\\miniconda3\\Lib\\site-packages\\fyers_apiv3\\FyersWebsocket\\data_ws.py\", line 1433, in On_message\n    self.OnMessage(message)\n    ~~~~~~~~~~~~~~^^^^^^^^^\n  File \"F:\\Trading Bot\\Directional Trading Bot\\app.py\", line 242, in on_message\n    if len(st.session_state.shared_data['prices']) % 5 == 0:\n           ^^^^^^^^^^^^^^^^^^^^^^^^^^^^\n  File \"C:\\Users\\ANIL\\miniconda3\\Lib\\site-packages\\streamlit\\runtime\\state\\session_state_proxy.py\", line 132, in __getattr__\n    raise AttributeError(_missing_attr_error_message(key))\nAttributeError: st.session_state has no attribute \"shared_data\". Did you forget to initialize it? More info: https://docs.streamlit.io/develop/concepts/architecture/session-state#initialization","exception_name":"AttributeError"}
{"level":"ERROR","location":"[On_message:1447] data_ws","message":"st.session_state has no attribute \"shared_data\". Did you forget to initialize it? More info: https://docs.streamlit.io/develop/concepts/architecture/session-state#initialization","timestamp":"2026-01-01 22:52:37,614+0530","service":"FyersDataSocket"}
{"level":"ERROR","location":"[On_message:1446] data_ws","message":"st.session_state has no attribute \"shared_data\". Did you forget to initialize it? More info: https://docs.streamlit.io/develop/concepts/architecture/session-state#initialization","timestamp":"2026-01-01 22:52:37,616+0530","service":"FyersDataSocket","exception":"Traceback (most recent call last):\n  File \"C:\\Users\\ANIL\\miniconda3\\Lib\\site-packages\\streamlit\\runtime\\state\\session_state.py\", line 471, in __getitem__\n    base_value = self._getitem(widget_id, key)\n  File \"C:\\Users\\ANIL\\miniconda3\\Lib\\site-packages\\streamlit\\runtime\\state\\session_state.py\", line 524, in _getitem\n    raise KeyError\nKeyError\n\nDuring handling of the above exception, another exception occurred:\n\nTraceback (most recent call last):\n  File \"C:\\Users\\ANIL\\miniconda3\\Lib\\site-packages\\streamlit\\runtime\\state\\session_state_proxy.py\", line 130, in __getattr__\n    return self[key]\n           ~~~~^^^^^\n  File \"C:\\Users\\ANIL\\miniconda3\\Lib\\site-packages\\streamlit\\runtime\\state\\session_state_proxy.py\", line 101, in __getitem__\n    return get_session_state()[key]\n           ~~~~~~~~~~~~~~~~~~~^^^^^\n  File \"C:\\Users\\ANIL\\miniconda3\\Lib\\site-packages\\streamlit\\runtime\\state\\safe_session_state.py\", line 104, in __getitem__\n    return self._state[key]\n           ~~~~~~~~~~~^^^^^\n  File \"C:\\Users\\ANIL\\miniconda3\\Lib\\site-packages\\streamlit\\runtime\\state\\session_state.py\", line 478, in __getitem__\n    raise KeyError(_missing_key_error_message(key))\nKeyError: 'st.session_state has no key \"shared_data\". Did you forget to initialize it? More info: https://docs.streamlit.io/develop/concepts/architecture/session-state#initialization'\n\nDuring handling of the above exception, another exception occurred:\n\nTraceback (most recent call last):\n  File \"C:\\Users\\ANIL\\miniconda3\\Lib\\site-packages\\fyers_apiv3\\FyersWebsocket\\data_ws.py\", line 1433, in On_message\n    self.OnMessage(message)\n    ~~~~~~~~~~~~~~^^^^^^^^^\n  File \"F:\\Trading Bot\\Directional Trading Bot\\app.py\", line 242, in on_message\n    if len(st.session_state.shared_data['prices']) % 5 == 0:\n           ^^^^^^^^^^^^^^^^^^^^^^^^^^^^\n  File \"C:\\Users\\ANIL\\miniconda3\\Lib\\site-packages\\streamlit\\runtime\\state\\session_state_proxy.py\", line 132, in __getattr__\n    raise AttributeError(_missing_attr_error_message(key))\nAttributeError: st.session_state has no attribute \"shared_data\". Did you forget to initialize it? More info: https://docs.streamlit.io/develop/concepts/architecture/session-state#initialization","exception_name":"AttributeError"}
{"level":"ERROR","location":"[On_message:1447] data_ws","message":"st.session_state has no attribute \"shared_data\". Did you forget to initialize it? More info: https://docs.streamlit.io/develop/concepts/architecture/session-state#initialization","timestamp":"2026-01-01 22:52:37,620+0530","service":"FyersDataSocket"}
{"level":"ERROR","location":"[<lambda>:1663] data_ws","message":"[WinError 10054] An existing connection was forcibly closed by the remote host","timestamp":"2026-01-02 10:25:44,144+0530","service":"FyersDataSocket"}
{"level":"ERROR","location":"[<lambda>:1663] data_ws","message":"[WinError 10054] An existing connection was forcibly closed by the remote host","timestamp":"2026-01-02 17:14:46,136+0530","service":"FyersDataSocket"}
{"level":"ERROR","location":"[<lambda>:1663] data_ws","message":"[WinError 10054] An existing connection was forcibly closed by the remote host","timestamp":"2026-01-02 20:46:28,378+0530","service":"FyersDataSocket"}
{"level":"ERROR","location":"[<lambda>:1663] data_ws","message":"[WinError 10054] An existing connection was forcibly closed by the remote host","timestamp":"2026-01-02 20:46:44,416+0530","service":"FyersDataSocket"}
{"level":"ERROR","location":"[<lambda>:1663] data_ws","message":"Connection to remote host was lost.","timestamp":"2026-01-02 20:48:59,808+0530","service":"FyersDataSocket"}
{"level":"ERROR","location":"[<lambda>:1663] data_ws","message":"[WinError 10054] An existing connection was forcibly closed by the remote host","timestamp":"2026-01-03 02:19:03,193+0530","service":"FyersDataSocket"}
{"level":"ERROR","location":"[symbol_to_hsmtoken:126] data_ws","message":"HTTPSConnectionPool(host='api-t1.fyers.in', port=443): Max retries exceeded with url: /data/symbol-token (Caused by NameResolutionError(\"<urllib3.connection.HTTPSConnection object at 0x0000024365417C50>: Failed to resolve 'api-t1.fyers.in' ([Errno 11001] getaddrinfo failed)\"))","timestamp":"2026-01-03 15:55:03,505+0530","service":"FyersDataSocket","exception":"Traceback (most recent call last):\n  File \"C:\\Users\\ANIL\\miniconda3\\Lib\\site-packages\\websocket\\_app.py\", line 428, in setSock\n    dispatcher.read(self.sock.sock, read, check)\n    ~~~~~~~~~~~~~~~^^^^^^^^^^^^^^^^^^^^^^^^^^^^^\n  File \"C:\\Users\\ANIL\\miniconda3\\Lib\\site-packages\\websocket\\_app.py\", line 99, in read\n    if not read_callback():\n           ~~~~~~~~~~~~~^^\n  File \"C:\\Users\\ANIL\\miniconda3\\Lib\\site-packages\\websocket\\_app.py\", line 437, in read\n    op_code, frame = self.sock.recv_data_frame(True)\n                     ~~~~~~~~~~~~~~~~~~~~~~~~~^^^^^^\n  File \"C:\\Users\\ANIL\\miniconda3\\Lib\\site-packages\\websocket\\_core.py\", line 406, in recv_data_frame\n    frame = self.recv_frame()\n  File \"C:\\Users\\ANIL\\miniconda3\\Lib\\site-packages\\websocket\\_core.py\", line 445, in recv_frame\n    return self.frame_buffer.recv_frame()\n           ~~~~~~~~~~~~~~~~~~~~~~~~~~~~^^\n  File \"C:\\Users\\ANIL\\miniconda3\\Lib\\site-packages\\websocket\\_abnf.py\", line 338, in recv_frame\n    self.recv_header()\n    ~~~~~~~~~~~~~~~~^^\n  File \"C:\\Users\\ANIL\\miniconda3\\Lib\\site-packages\\websocket\\_abnf.py\", line 294, in recv_header\n    header = self.recv_strict(2)\n  File \"C:\\Users\\ANIL\\miniconda3\\Lib\\site-packages\\websocket\\_abnf.py\", line 373, in recv_strict\n    bytes_ = self.recv(min(16384, shortage))\n  File \"C:\\Users\\ANIL\\miniconda3\\Lib\\site-packages\\websocket\\_core.py\", line 529, in _recv\n    return recv(self.sock, bufsize)\n  File \"C:\\Users\\ANIL\\miniconda3\\Lib\\site-packages\\websocket\\_socket.py\", line 108, in recv\n    bytes_ = _recv()\n  File \"C:\\Users\\ANIL\\miniconda3\\Lib\\site-packages\\websocket\\_socket.py\", line 87, in _recv\n    return sock.recv(bufsize)\n           ~~~~~~~~~^^^^^^^^^\n  File \"C:\\Users\\ANIL\\miniconda3\\Lib\\ssl.py\", line 1285, in recv\n    return self.read(buflen)\n           ~~~~~~~~~^^^^^^^^\n  File \"C:\\Users\\ANIL\\miniconda3\\Lib\\ssl.py\", line 1140, in read\n    return self._sslobj.read(len)\n           ~~~~~~~~~~~~~~~~~^^^^^\nConnectionResetError: [WinError 10054] An existing connection was forcibly closed by the remote host\n\nDuring handling of the above exception, another exception occurred:\n\nTraceback (most recent call last):\n  File \"C:\\Users\\ANIL\\miniconda3\\Lib\\site-packages\\urllib3\\connection.py\", line 198, in _new_conn\n    sock = connection.create_connection(\n        (self._dns_host, self.port),\n    ...<2 lines>...\n        socket_options=self.socket_options,\n    )\n  File \"C:\\Users\\ANIL\\miniconda3\\Lib\\site-packages\\urllib3\\util\\connection.py\", line 60, in create_connection\n    for res in socket.getaddrinfo(host, port, family, socket.SOCK_STREAM):\n               ~~~~~~~~~~~~~~~~~~^^^^^^^^^^^^^^^^^^^^^^^^^^^^^^^^^^^^^^^^\n  File \"C:\\Users\\ANIL\\miniconda3\\Lib\\socket.py\", line 977, in getaddrinfo\n    for res in _socket.getaddrinfo(host, port, family, type, proto, flags):\n               ~~~~~~~~~~~~~~~~~~~^^^^^^^^^^^^^^^^^^^^^^^^^^^^^^^^^^^^^^^^\nsocket.gaierror: [Errno 11001] getaddrinfo failed\n\nThe above exception was the direct cause of the following exception:\n\nTraceback (most recent call last):\n  File \"C:\\Users\\ANIL\\miniconda3\\Lib\\site-packages\\urllib3\\connectionpool.py\", line 787, in urlopen\n    response = self._make_request(\n        conn,\n    ...<10 lines>...\n        **response_kw,\n    )\n  File \"C:\\Users\\ANIL\\miniconda3\\Lib\\site-packages\\urllib3\\connectionpool.py\", line 488, in _make_request\n    raise new_e\n  File \"C:\\Users\\ANIL\\miniconda3\\Lib\\site-packages\\urllib3\\connectionpool.py\", line 464, in _make_request\n    self._validate_conn(conn)\n    ~~~~~~~~~~~~~~~~~~~^^^^^^\n  File \"C:\\Users\\ANIL\\miniconda3\\Lib\\site-packages\\urllib3\\connectionpool.py\", line 1093, in _validate_conn\n    conn.connect()\n    ~~~~~~~~~~~~^^\n  File \"C:\\Users\\ANIL\\miniconda3\\Lib\\site-packages\\urllib3\\connection.py\", line 753, in connect\n    self.sock = sock = self._new_conn()\n                       ~~~~~~~~~~~~~~^^\n  File \"C:\\Users\\ANIL\\miniconda3\\Lib\\site-packages\\urllib3\\connection.py\", line 205, in _new_conn\n    raise NameResolutionError(self.host, self, e) from e\nurllib3.exceptions.NameResolutionError: <urllib3.connection.HTTPSConnection object at 0x0000024365417C50>: Failed to resolve 'api-t1.fyers.in' ([Errno 11001] getaddrinfo failed)\n\nThe above exception was the direct cause of the following exception:\n\nTraceback (most recent call last):\n  File \"C:\\Users\\ANIL\\miniconda3\\Lib\\site-packages\\requests\\adapters.py\", line 486, in send\n    resp = conn.urlopen(\n        method=request.method,\n    ...<9 lines>...\n        chunked=chunked,\n    )\n  File \"C:\\Users\\ANIL\\miniconda3\\Lib\\site-packages\\urllib3\\connectionpool.py\", line 841, in urlopen\n    retries = retries.increment(\n        method, url, error=new_e, _pool=self, _stacktrace=sys.exc_info()[2]\n    )\n  File \"C:\\Users\\ANIL\\miniconda3\\Lib\\site-packages\\urllib3\\util\\retry.py\", line 519, in increment\n    raise MaxRetryError(_pool, url, reason) from reason  # type: ignore[arg-type]\n    ^^^^^^^^^^^^^^^^^^^^^^^^^^^^^^^^^^^^^^^^^^^^^^^^^^^\nurllib3.exceptions.MaxRetryError: HTTPSConnectionPool(host='api-t1.fyers.in', port=443): Max retries exceeded with url: /data/symbol-token (Caused by NameResolutionError(\"<urllib3.connection.HTTPSConnection object at 0x0000024365417C50>: Failed to resolve 'api-t1.fyers.in' ([Errno 11001] getaddrinfo failed)\"))\n\nDuring handling of the above exception, another exception occurred:\n\nTraceback (most recent call last):\n  File \"C:\\Users\\ANIL\\miniconda3\\Lib\\site-packages\\fyers_apiv3\\FyersWebsocket\\data_ws.py\", line 63, in symbol_to_hsmtoken\n    response = requests.post(\n        url=self.symbols_token_api ,\n    ...<3 lines>...\n        },json=data\n    )\n  File \"C:\\Users\\ANIL\\miniconda3\\Lib\\site-packages\\requests\\api.py\", line 115, in post\n    return request(\"post\", url, data=data, json=json, **kwargs)\n  File \"C:\\Users\\ANIL\\miniconda3\\Lib\\site-packages\\requests\\api.py\", line 59, in request\n    return session.request(method=method, url=url, **kwargs)\n           ~~~~~~~~~~~~~~~^^^^^^^^^^^^^^^^^^^^^^^^^^^^^^^^^^\n  File \"C:\\Users\\ANIL\\miniconda3\\Lib\\site-packages\\requests\\sessions.py\", line 589, in request\n    resp = self.send(prep, **send_kwargs)\n  File \"C:\\Users\\ANIL\\miniconda3\\Lib\\site-packages\\requests\\sessions.py\", line 703, in send\n    r = adapter.send(request, **kwargs)\n  File \"C:\\Users\\ANIL\\miniconda3\\Lib\\site-packages\\requests\\adapters.py\", line 519, in send\n    raise ConnectionError(e, request=request)\nrequests.exceptions.ConnectionError: HTTPSConnectionPool(host='api-t1.fyers.in', port=443): Max retries exceeded with url: /data/symbol-token (Caused by NameResolutionError(\"<urllib3.connection.HTTPSConnection object at 0x0000024365417C50>: Failed to resolve 'api-t1.fyers.in' ([Errno 11001] getaddrinfo failed)\"))","exception_name":"ConnectionError"}
{"level":"ERROR","location":"[__symbol_conversion:1374] data_ws","message":"'NoneType' object is not subscriptable","timestamp":"2026-01-03 15:55:03,872+0530","service":"FyersDataSocket","exception":"Traceback (most recent call last):\n  File \"C:\\Users\\ANIL\\miniconda3\\Lib\\site-packages\\websocket\\_app.py\", line 428, in setSock\n    dispatcher.read(self.sock.sock, read, check)\n    ~~~~~~~~~~~~~~~^^^^^^^^^^^^^^^^^^^^^^^^^^^^^\n  File \"C:\\Users\\ANIL\\miniconda3\\Lib\\site-packages\\websocket\\_app.py\", line 99, in read\n    if not read_callback():\n           ~~~~~~~~~~~~~^^\n  File \"C:\\Users\\ANIL\\miniconda3\\Lib\\site-packages\\websocket\\_app.py\", line 437, in read\n    op_code, frame = self.sock.recv_data_frame(True)\n                     ~~~~~~~~~~~~~~~~~~~~~~~~~^^^^^^\n  File \"C:\\Users\\ANIL\\miniconda3\\Lib\\site-packages\\websocket\\_core.py\", line 406, in recv_data_frame\n    frame = self.recv_frame()\n  File \"C:\\Users\\ANIL\\miniconda3\\Lib\\site-packages\\websocket\\_core.py\", line 445, in recv_frame\n    return self.frame_buffer.recv_frame()\n           ~~~~~~~~~~~~~~~~~~~~~~~~~~~~^^\n  File \"C:\\Users\\ANIL\\miniconda3\\Lib\\site-packages\\websocket\\_abnf.py\", line 338, in recv_frame\n    self.recv_header()\n    ~~~~~~~~~~~~~~~~^^\n  File \"C:\\Users\\ANIL\\miniconda3\\Lib\\site-packages\\websocket\\_abnf.py\", line 294, in recv_header\n    header = self.recv_strict(2)\n  File \"C:\\Users\\ANIL\\miniconda3\\Lib\\site-packages\\websocket\\_abnf.py\", line 373, in recv_strict\n    bytes_ = self.recv(min(16384, shortage))\n  File \"C:\\Users\\ANIL\\miniconda3\\Lib\\site-packages\\websocket\\_core.py\", line 529, in _recv\n    return recv(self.sock, bufsize)\n  File \"C:\\Users\\ANIL\\miniconda3\\Lib\\site-packages\\websocket\\_socket.py\", line 108, in recv\n    bytes_ = _recv()\n  File \"C:\\Users\\ANIL\\miniconda3\\Lib\\site-packages\\websocket\\_socket.py\", line 87, in _recv\n    return sock.recv(bufsize)\n           ~~~~~~~~~^^^^^^^^^\n  File \"C:\\Users\\ANIL\\miniconda3\\Lib\\ssl.py\", line 1285, in recv\n    return self.read(buflen)\n           ~~~~~~~~~^^^^^^^^\n  File \"C:\\Users\\ANIL\\miniconda3\\Lib\\ssl.py\", line 1140, in read\n    return self._sslobj.read(len)\n           ~~~~~~~~~~~~~~~~~^^^^^\nConnectionResetError: [WinError 10054] An existing connection was forcibly closed by the remote host\n\nDuring handling of the above exception, another exception occurred:\n\nTraceback (most recent call last):\n  File \"C:\\Users\\ANIL\\miniconda3\\Lib\\site-packages\\fyers_apiv3\\FyersWebsocket\\data_ws.py\", line 1333, in __symbol_conversion\n    if symbol_value[3] != \"\":\n       ~~~~~~~~~~~~^^^\nTypeError: 'NoneType' object is not subscriptable","exception_name":"TypeError"}
